<?xml version="1.0" encoding="UTF-8"?>
<coverage generated="1770152671062" clover="3.2.0">
  <project timestamp="1770152671062" name="All files">
    <metrics statements="105" coveredstatements="103" conditionals="62" coveredconditionals="55" methods="10" coveredmethods="10" elements="177" coveredelements="168" complexity="0" loc="105" ncloc="105" packages="1" files="1" classes="1"/>
    <file name="calculator.js" path="/home/runner/work/comparador-tributo/comparador-tributo/calculator.js">
      <metrics statements="105" coveredstatements="103" conditionals="62" coveredconditionals="55" methods="10" coveredmethods="10"/>
      <line num="13" count="1" type="stmt"/>
      <line num="29" count="1" type="stmt"/>
      <line num="45" count="1" type="stmt"/>
      <line num="54" count="1" type="stmt"/>
      <line num="61" count="1" type="stmt"/>
      <line num="75" count="1" type="stmt"/>
      <line num="91" count="13" type="cond" truecount="4" falsecount="0"/>
      <line num="92" count="3" type="stmt"/>
      <line num="96" count="13" type="stmt"/>
      <line num="97" count="13" type="cond" truecount="2" falsecount="0"/>
      <line num="99" count="13" type="stmt"/>
      <line num="106" count="2" type="stmt"/>
      <line num="117" count="9" type="cond" truecount="2" falsecount="0"/>
      <line num="118" count="7" type="cond" truecount="2" falsecount="0"/>
      <line num="120" count="4" type="stmt"/>
      <line num="121" count="4" type="cond" truecount="2" falsecount="0"/>
      <line num="122" count="4" type="stmt"/>
      <line num="133" count="17" type="stmt"/>
      <line num="134" count="17" type="cond" truecount="2" falsecount="0"/>
      <line num="137" count="17" type="stmt"/>
      <line num="138" count="17" type="stmt"/>
      <line num="139" count="67" type="cond" truecount="2" falsecount="0"/>
      <line num="140" count="15" type="stmt"/>
      <line num="141" count="15" type="stmt"/>
      <line num="146" count="17" type="cond" truecount="2" falsecount="0"/>
      <line num="147" count="2" type="stmt"/>
      <line num="150" count="17" type="stmt"/>
      <line num="151" count="17" type="stmt"/>
      <line num="152" count="17" type="stmt"/>
      <line num="155" count="17" type="stmt"/>
      <line num="156" count="17" type="stmt"/>
      <line num="157" count="17" type="stmt"/>
      <line num="159" count="17" type="stmt"/>
      <line num="183" count="54" type="cond" truecount="2" falsecount="0"/>
      <line num="185" count="49" type="stmt"/>
      <line num="186" count="162" type="cond" truecount="4" falsecount="0"/>
      <line num="187" count="49" type="stmt"/>
      <line num="192" count="0" type="stmt"/>
      <line num="193" count="0" type="stmt"/>
      <line num="200" count="54" type="stmt"/>
      <line num="202" count="54" type="cond" truecount="4" falsecount="0"/>
      <line num="203" count="5" type="stmt"/>
      <line num="206" count="54" type="cond" truecount="2" falsecount="0"/>
      <line num="207" count="3" type="stmt"/>
      <line num="210" count="54" type="cond" truecount="2" falsecount="0"/>
      <line num="211" count="4" type="cond" truecount="2" falsecount="0"/>
      <line num="212" count="1" type="stmt"/>
      <line num="214" count="4" type="stmt"/>
      <line num="217" count="54" type="stmt"/>
      <line num="224" count="54" type="stmt"/>
      <line num="227" count="54" type="cond" truecount="2" falsecount="0"/>
      <line num="228" count="4" type="stmt"/>
      <line num="232" count="54" type="cond" truecount="2" falsecount="0"/>
      <line num="233" count="5" type="stmt"/>
      <line num="234" count="5" type="stmt"/>
      <line num="238" count="54" type="cond" truecount="2" falsecount="0"/>
      <line num="239" count="3" type="stmt"/>
      <line num="243" count="54" type="cond" truecount="2" falsecount="0"/>
      <line num="244" count="4" type="stmt"/>
      <line num="245" count="4" type="stmt"/>
      <line num="248" count="54" type="stmt"/>
      <line num="256" count="40" type="stmt"/>
      <line num="257" count="40" type="stmt"/>
      <line num="258" count="40" type="stmt"/>
      <line num="259" count="40" type="stmt"/>
      <line num="262" count="40" type="stmt"/>
      <line num="265" count="40" type="stmt"/>
      <line num="273" count="40" type="stmt"/>
      <line num="276" count="40" type="stmt"/>
      <line num="279" count="40" type="stmt"/>
      <line num="282" count="40" type="stmt"/>
      <line num="283" count="40" type="stmt"/>
      <line num="284" count="40" type="stmt"/>
      <line num="285" count="40" type="stmt"/>
      <line num="286" count="40" type="stmt"/>
      <line num="287" count="40" type="stmt"/>
      <line num="289" count="40" type="stmt"/>
      <line num="290" count="40" type="stmt"/>
      <line num="292" count="40" type="stmt"/>
      <line num="332" count="14" type="cond" truecount="2" falsecount="0"/>
      <line num="333" count="12" type="cond" truecount="1" falsecount="1"/>
      <line num="334" count="12" type="cond" truecount="1" falsecount="1"/>
      <line num="335" count="12" type="cond" truecount="1" falsecount="1"/>
      <line num="336" count="12" type="stmt"/>
      <line num="343" count="14" type="stmt"/>
      <line num="346" count="14" type="stmt"/>
      <line num="347" count="14" type="stmt"/>
      <line num="350" count="14" type="cond" truecount="1" falsecount="1"/>
      <line num="351" count="14" type="stmt"/>
      <line num="354" count="14" type="stmt"/>
      <line num="355" count="14" type="stmt"/>
      <line num="358" count="14" type="stmt"/>
      <line num="361" count="14" type="stmt"/>
      <line num="364" count="14" type="stmt"/>
      <line num="365" count="14" type="stmt"/>
      <line num="372" count="14" type="stmt"/>
      <line num="373" count="14" type="stmt"/>
      <line num="376" count="14" type="stmt"/>
      <line num="377" count="14" type="stmt"/>
      <line num="380" count="14" type="stmt"/>
      <line num="383" count="14" type="stmt"/>
      <line num="385" count="14" type="stmt"/>
      <line num="387" count="14" type="stmt"/>
      <line num="415" count="1" type="cond" truecount="3" falsecount="1"/>
      <line num="416" count="1" type="stmt"/>
    </file>
  </project>
</coverage>
