{"/home/runner/work/comparador-tributo/comparador-tributo/calculator.js": {"path":"/home/runner/work/comparador-tributo/comparador-tributo/calculator.js","statementMap":{"0":{"start":{"line":13,"column":40},"end":{"line":25,"column":1}},"1":{"start":{"line":29,"column":37},"end":{"line":41,"column":1}},"2":{"start":{"line":45,"column":29},"end":{"line":50,"column":1}},"3":{"start":{"line":54,"column":24},"end":{"line":57,"column":1}},"4":{"start":{"line":61,"column":27},"end":{"line":71,"column":1}},"5":{"start":{"line":75,"column":29},"end":{"line":81,"column":1}},"6":{"start":{"line":91,"column":4},"end":{"line":93,"column":5}},"7":{"start":{"line":92,"column":8},"end":{"line":92,"column":19}},"8":{"start":{"line":96,"column":22},"end":{"line":96,"column":87}},"9":{"start":{"line":97,"column":17},"end":{"line":97,"column":38}},"10":{"start":{"line":99,"column":4},"end":{"line":99,"column":35}},"11":{"start":{"line":106,"column":4},"end":{"line":110,"column":21}},"12":{"start":{"line":117,"column":4},"end":{"line":117,"column":48}},"13":{"start":{"line":117,"column":35},"end":{"line":117,"column":48}},"14":{"start":{"line":118,"column":4},"end":{"line":118,"column":25}},"15":{"start":{"line":118,"column":16},"end":{"line":118,"column":25}},"16":{"start":{"line":120,"column":20},"end":{"line":120,"column":71}},"17":{"start":{"line":121,"column":19},"end":{"line":121,"column":43}},"18":{"start":{"line":122,"column":4},"end":{"line":122,"column":18}},"19":{"start":{"line":133,"column":25},"end":{"line":133,"column":43}},"20":{"start":{"line":134,"column":23},"end":{"line":134,"column":112}},"21":{"start":{"line":137,"column":19},"end":{"line":137,"column":23}},"22":{"start":{"line":138,"column":4},"end":{"line":143,"column":5}},"23":{"start":{"line":139,"column":8},"end":{"line":142,"column":9}},"24":{"start":{"line":140,"column":12},"end":{"line":140,"column":27}},"25":{"start":{"line":141,"column":12},"end":{"line":141,"column":18}},"26":{"start":{"line":146,"column":4},"end":{"line":148,"column":5}},"27":{"start":{"line":147,"column":8},"end":{"line":147,"column":53}},"28":{"start":{"line":150,"column":23},"end":{"line":150,"column":42}},"29":{"start":{"line":151,"column":22},"end":{"line":151,"column":48}},"30":{"start":{"line":152,"column":29},"end":{"line":152,"column":55}},"31":{"start":{"line":155,"column":28},"end":{"line":155,"column":61}},"32":{"start":{"line":156,"column":22},"end":{"line":156,"column":44}},"33":{"start":{"line":157,"column":25},"end":{"line":157,"column":83}},"34":{"start":{"line":159,"column":4},"end":{"line":176,"column":6}},"35":{"start":{"line":183,"column":4},"end":{"line":183,"column":37}},"36":{"start":{"line":183,"column":28},"end":{"line":183,"column":37}},"37":{"start":{"line":185,"column":4},"end":{"line":189,"column":5}},"38":{"start":{"line":186,"column":8},"end":{"line":188,"column":9}},"39":{"start":{"line":187,"column":12},"end":{"line":187,"column":81}},"40":{"start":{"line":192,"column":24},"end":{"line":192,"column":73}},"41":{"start":{"line":193,"column":4},"end":{"line":193,"column":85}},"42":{"start":{"line":200,"column":21},"end":{"line":200,"column":94}},"43":{"start":{"line":202,"column":4},"end":{"line":204,"column":5}},"44":{"start":{"line":203,"column":8},"end":{"line":203,"column":51}},"45":{"start":{"line":206,"column":4},"end":{"line":208,"column":5}},"46":{"start":{"line":207,"column":8},"end":{"line":207,"column":52}},"47":{"start":{"line":210,"column":4},"end":{"line":215,"column":5}},"48":{"start":{"line":211,"column":8},"end":{"line":213,"column":9}},"49":{"start":{"line":212,"column":12},"end":{"line":212,"column":55}},"50":{"start":{"line":214,"column":8},"end":{"line":214,"column":65}},"51":{"start":{"line":217,"column":4},"end":{"line":217,"column":22}},"52":{"start":{"line":224,"column":21},"end":{"line":224,"column":22}},"53":{"start":{"line":227,"column":4},"end":{"line":229,"column":5}},"54":{"start":{"line":228,"column":8},"end":{"line":228,"column":33}},"55":{"start":{"line":232,"column":4},"end":{"line":235,"column":5}},"56":{"start":{"line":233,"column":22},"end":{"line":233,"column":28}},"57":{"start":{"line":234,"column":8},"end":{"line":234,"column":55}},"58":{"start":{"line":238,"column":4},"end":{"line":240,"column":5}},"59":{"start":{"line":239,"column":8},"end":{"line":239,"column":38}},"60":{"start":{"line":243,"column":4},"end":{"line":246,"column":5}},"61":{"start":{"line":244,"column":22},"end":{"line":244,"column":27}},"62":{"start":{"line":245,"column":8},"end":{"line":245,"column":49}},"63":{"start":{"line":248,"column":4},"end":{"line":248,"column":22}},"64":{"start":{"line":256,"column":23},"end":{"line":256,"column":41}},"65":{"start":{"line":257,"column":17},"end":{"line":257,"column":35}},"66":{"start":{"line":258,"column":23},"end":{"line":258,"column":41}},"67":{"start":{"line":259,"column":31},"end":{"line":259,"column":61}},"68":{"start":{"line":262,"column":38},"end":{"line":262,"column":117}},"69":{"start":{"line":265,"column":33},"end":{"line":270,"column":5}},"70":{"start":{"line":273,"column":26},"end":{"line":273,"column":122}},"71":{"start":{"line":276,"column":22},"end":{"line":276,"column":55}},"72":{"start":{"line":279,"column":22},"end":{"line":279,"column":66}},"73":{"start":{"line":282,"column":31},"end":{"line":282,"column":51}},"74":{"start":{"line":283,"column":27},"end":{"line":283,"column":47}},"75":{"start":{"line":284,"column":32},"end":{"line":284,"column":52}},"76":{"start":{"line":285,"column":31},"end":{"line":285,"column":49}},"77":{"start":{"line":286,"column":25},"end":{"line":286,"column":44}},"78":{"start":{"line":287,"column":31},"end":{"line":287,"column":124}},"79":{"start":{"line":289,"column":30},"end":{"line":289,"column":62}},"80":{"start":{"line":290,"column":29},"end":{"line":290,"column":75}},"81":{"start":{"line":292,"column":4},"end":{"line":324,"column":6}},"82":{"start":{"line":332,"column":4},"end":{"line":332,"column":63}},"83":{"start":{"line":332,"column":32},"end":{"line":332,"column":63}},"84":{"start":{"line":333,"column":4},"end":{"line":333,"column":64}},"85":{"start":{"line":333,"column":33},"end":{"line":333,"column":64}},"86":{"start":{"line":334,"column":4},"end":{"line":334,"column":64}},"87":{"start":{"line":334,"column":33},"end":{"line":334,"column":64}},"88":{"start":{"line":335,"column":4},"end":{"line":335,"column":64}},"89":{"start":{"line":335,"column":33},"end":{"line":335,"column":64}},"90":{"start":{"line":336,"column":4},"end":{"line":336,"column":35}},"91":{"start":{"line":343,"column":25},"end":{"line":343,"column":43}},"92":{"start":{"line":346,"column":30},"end":{"line":346,"column":70}},"93":{"start":{"line":347,"column":22},"end":{"line":347,"column":46}},"94":{"start":{"line":350,"column":20},"end":{"line":350,"column":58}},"95":{"start":{"line":351,"column":22},"end":{"line":351,"column":45}},"96":{"start":{"line":354,"column":23},"end":{"line":354,"column":59}},"97":{"start":{"line":355,"column":19},"end":{"line":355,"column":54}},"98":{"start":{"line":358,"column":27},"end":{"line":358,"column":48}},"99":{"start":{"line":361,"column":27},"end":{"line":361,"column":48}},"100":{"start":{"line":364,"column":37},"end":{"line":364,"column":111}},"101":{"start":{"line":365,"column":39},"end":{"line":370,"column":10}},"102":{"start":{"line":372,"column":35},"end":{"line":372,"column":70}},"103":{"start":{"line":373,"column":32},"end":{"line":373,"column":138}},"104":{"start":{"line":376,"column":28},"end":{"line":376,"column":67}},"105":{"start":{"line":377,"column":29},"end":{"line":377,"column":49}},"106":{"start":{"line":380,"column":30},"end":{"line":380,"column":101}},"107":{"start":{"line":383,"column":22},"end":{"line":383,"column":88}},"108":{"start":{"line":385,"column":29},"end":{"line":385,"column":62}},"109":{"start":{"line":387,"column":4},"end":{"line":408,"column":6}},"110":{"start":{"line":415,"column":0},"end":{"line":424,"column":1}},"111":{"start":{"line":416,"column":4},"end":{"line":423,"column":6}}},"fnMap":{"0":{"name":"formatCurrency","decl":{"start":{"line":90,"column":9},"end":{"line":90,"column":23}},"loc":{"start":{"line":90,"column":32},"end":{"line":100,"column":1}},"line":90},"1":{"name":"formatPercentage","decl":{"start":{"line":105,"column":9},"end":{"line":105,"column":25}},"loc":{"start":{"line":105,"column":33},"end":{"line":111,"column":1}},"line":105},"2":{"name":"parseCurrency","decl":{"start":{"line":116,"column":9},"end":{"line":116,"column":22}},"loc":{"start":{"line":116,"column":30},"end":{"line":123,"column":1}},"line":116},"3":{"name":"calculateMonotributo","decl":{"start":{"line":132,"column":9},"end":{"line":132,"column":29}},"loc":{"start":{"line":132,"column":59},"end":{"line":177,"column":1}},"line":132},"4":{"name":"calculateGanancias","decl":{"start":{"line":182,"column":9},"end":{"line":182,"column":27}},"loc":{"start":{"line":182,"column":43},"end":{"line":194,"column":1}},"line":182},"5":{"name":"calculatePersonalDeductions","decl":{"start":{"line":199,"column":9},"end":{"line":199,"column":36}},"loc":{"start":{"line":199,"column":96},"end":{"line":218,"column":1}},"line":199},"6":{"name":"calculateAdditionalDeductions","decl":{"start":{"line":223,"column":9},"end":{"line":223,"column":38}},"loc":{"start":{"line":223,"column":90},"end":{"line":249,"column":1}},"line":223},"7":{"name":"calculateRelacionDependencia","decl":{"start":{"line":254,"column":9},"end":{"line":254,"column":37}},"loc":{"start":{"line":254,"column":122},"end":{"line":325,"column":1}},"line":254},"8":{"name":"determineAutonomosCategory","decl":{"start":{"line":330,"column":9},"end":{"line":330,"column":35}},"loc":{"start":{"line":330,"column":50},"end":{"line":337,"column":1}},"line":330},"9":{"name":"calculateResponsableInscripto","decl":{"start":{"line":342,"column":9},"end":{"line":342,"column":38}},"loc":{"start":{"line":342,"column":157},"end":{"line":409,"column":1}},"line":342}},"branchMap":{"0":{"loc":{"start":{"line":91,"column":4},"end":{"line":93,"column":5}},"type":"if","locations":[{"start":{"line":91,"column":4},"end":{"line":93,"column":5}},{"start":{},"end":{}}],"line":91},"1":{"loc":{"start":{"line":91,"column":8},"end":{"line":91,"column":51}},"type":"binary-expr","locations":[{"start":{"line":91,"column":8},"end":{"line":91,"column":34}},{"start":{"line":91,"column":38},"end":{"line":91,"column":51}}],"line":91},"2":{"loc":{"start":{"line":97,"column":17},"end":{"line":97,"column":38}},"type":"cond-expr","locations":[{"start":{"line":97,"column":30},"end":{"line":97,"column":33}},{"start":{"line":97,"column":36},"end":{"line":97,"column":38}}],"line":97},"3":{"loc":{"start":{"line":117,"column":4},"end":{"line":117,"column":48}},"type":"if","locations":[{"start":{"line":117,"column":4},"end":{"line":117,"column":48}},{"start":{},"end":{}}],"line":117},"4":{"loc":{"start":{"line":118,"column":4},"end":{"line":118,"column":25}},"type":"if","locations":[{"start":{"line":118,"column":4},"end":{"line":118,"column":25}},{"start":{},"end":{}}],"line":118},"5":{"loc":{"start":{"line":121,"column":19},"end":{"line":121,"column":43}},"type":"binary-expr","locations":[{"start":{"line":121,"column":19},"end":{"line":121,"column":38}},{"start":{"line":121,"column":42},"end":{"line":121,"column":43}}],"line":121},"6":{"loc":{"start":{"line":134,"column":23},"end":{"line":134,"column":112}},"type":"cond-expr","locations":[{"start":{"line":134,"column":50},"end":{"line":134,"column":78}},{"start":{"line":134,"column":81},"end":{"line":134,"column":112}}],"line":134},"7":{"loc":{"start":{"line":139,"column":8},"end":{"line":142,"column":9}},"type":"if","locations":[{"start":{"line":139,"column":8},"end":{"line":142,"column":9}},{"start":{},"end":{}}],"line":139},"8":{"loc":{"start":{"line":146,"column":4},"end":{"line":148,"column":5}},"type":"if","locations":[{"start":{"line":146,"column":4},"end":{"line":148,"column":5}},{"start":{},"end":{}}],"line":146},"9":{"loc":{"start":{"line":183,"column":4},"end":{"line":183,"column":37}},"type":"if","locations":[{"start":{"line":183,"column":4},"end":{"line":183,"column":37}},{"start":{},"end":{}}],"line":183},"10":{"loc":{"start":{"line":186,"column":8},"end":{"line":188,"column":9}},"type":"if","locations":[{"start":{"line":186,"column":8},"end":{"line":188,"column":9}},{"start":{},"end":{}}],"line":186},"11":{"loc":{"start":{"line":186,"column":12},"end":{"line":186,"column":72}},"type":"binary-expr","locations":[{"start":{"line":186,"column":12},"end":{"line":186,"column":41}},{"start":{"line":186,"column":45},"end":{"line":186,"column":72}}],"line":186},"12":{"loc":{"start":{"line":199,"column":54},"end":{"line":199,"column":74}},"type":"default-arg","locations":[{"start":{"line":199,"column":69},"end":{"line":199,"column":74}}],"line":199},"13":{"loc":{"start":{"line":199,"column":76},"end":{"line":199,"column":94}},"type":"default-arg","locations":[{"start":{"line":199,"column":93},"end":{"line":199,"column":94}}],"line":199},"14":{"loc":{"start":{"line":202,"column":4},"end":{"line":204,"column":5}},"type":"if","locations":[{"start":{"line":202,"column":4},"end":{"line":204,"column":5}},{"start":{},"end":{}}],"line":202},"15":{"loc":{"start":{"line":202,"column":8},"end":{"line":202,"column":76}},"type":"binary-expr","locations":[{"start":{"line":202,"column":8},"end":{"line":202,"column":37}},{"start":{"line":202,"column":41},"end":{"line":202,"column":76}}],"line":202},"16":{"loc":{"start":{"line":206,"column":4},"end":{"line":208,"column":5}},"type":"if","locations":[{"start":{"line":206,"column":4},"end":{"line":208,"column":5}},{"start":{},"end":{}}],"line":206},"17":{"loc":{"start":{"line":210,"column":4},"end":{"line":215,"column":5}},"type":"if","locations":[{"start":{"line":210,"column":4},"end":{"line":215,"column":5}},{"start":{},"end":{}}],"line":210},"18":{"loc":{"start":{"line":211,"column":8},"end":{"line":213,"column":9}},"type":"if","locations":[{"start":{"line":211,"column":8},"end":{"line":213,"column":9}},{"start":{},"end":{}}],"line":211},"19":{"loc":{"start":{"line":227,"column":4},"end":{"line":229,"column":5}},"type":"if","locations":[{"start":{"line":227,"column":4},"end":{"line":229,"column":5}},{"start":{},"end":{}}],"line":227},"20":{"loc":{"start":{"line":232,"column":4},"end":{"line":235,"column":5}},"type":"if","locations":[{"start":{"line":232,"column":4},"end":{"line":235,"column":5}},{"start":{},"end":{}}],"line":232},"21":{"loc":{"start":{"line":238,"column":4},"end":{"line":240,"column":5}},"type":"if","locations":[{"start":{"line":238,"column":4},"end":{"line":240,"column":5}},{"start":{},"end":{}}],"line":238},"22":{"loc":{"start":{"line":243,"column":4},"end":{"line":246,"column":5}},"type":"if","locations":[{"start":{"line":243,"column":4},"end":{"line":246,"column":5}},{"start":{},"end":{}}],"line":243},"23":{"loc":{"start":{"line":254,"column":80},"end":{"line":254,"column":100}},"type":"default-arg","locations":[{"start":{"line":254,"column":95},"end":{"line":254,"column":100}}],"line":254},"24":{"loc":{"start":{"line":254,"column":102},"end":{"line":254,"column":120}},"type":"default-arg","locations":[{"start":{"line":254,"column":119},"end":{"line":254,"column":120}}],"line":254},"25":{"loc":{"start":{"line":332,"column":4},"end":{"line":332,"column":63}},"type":"if","locations":[{"start":{"line":332,"column":4},"end":{"line":332,"column":63}},{"start":{},"end":{}}],"line":332},"26":{"loc":{"start":{"line":333,"column":4},"end":{"line":333,"column":64}},"type":"if","locations":[{"start":{"line":333,"column":4},"end":{"line":333,"column":64}},{"start":{},"end":{}}],"line":333},"27":{"loc":{"start":{"line":334,"column":4},"end":{"line":334,"column":64}},"type":"if","locations":[{"start":{"line":334,"column":4},"end":{"line":334,"column":64}},{"start":{},"end":{}}],"line":334},"28":{"loc":{"start":{"line":335,"column":4},"end":{"line":335,"column":64}},"type":"if","locations":[{"start":{"line":335,"column":4},"end":{"line":335,"column":64}},{"start":{},"end":{}}],"line":335},"29":{"loc":{"start":{"line":342,"column":115},"end":{"line":342,"column":135}},"type":"default-arg","locations":[{"start":{"line":342,"column":130},"end":{"line":342,"column":135}}],"line":342},"30":{"loc":{"start":{"line":342,"column":137},"end":{"line":342,"column":155}},"type":"default-arg","locations":[{"start":{"line":342,"column":154},"end":{"line":342,"column":155}}],"line":342},"31":{"loc":{"start":{"line":350,"column":20},"end":{"line":350,"column":58}},"type":"cond-expr","locations":[{"start":{"line":350,"column":47},"end":{"line":350,"column":51}},{"start":{"line":350,"column":54},"end":{"line":350,"column":58}}],"line":350},"32":{"loc":{"start":{"line":415,"column":0},"end":{"line":424,"column":1}},"type":"if","locations":[{"start":{"line":415,"column":0},"end":{"line":424,"column":1}},{"start":{},"end":{}}],"line":415},"33":{"loc":{"start":{"line":415,"column":4},"end":{"line":415,"column":51}},"type":"binary-expr","locations":[{"start":{"line":415,"column":4},"end":{"line":415,"column":33}},{"start":{"line":415,"column":37},"end":{"line":415,"column":51}}],"line":415}},"s":{"0":1,"1":1,"2":1,"3":1,"4":1,"5":1,"6":13,"7":3,"8":13,"9":13,"10":13,"11":2,"12":9,"13":2,"14":7,"15":3,"16":4,"17":4,"18":4,"19":17,"20":17,"21":17,"22":17,"23":67,"24":15,"25":15,"26":17,"27":2,"28":17,"29":17,"30":17,"31":17,"32":17,"33":17,"34":17,"35":54,"36":5,"37":49,"38":162,"39":49,"40":0,"41":0,"42":54,"43":54,"44":5,"45":54,"46":3,"47":54,"48":4,"49":1,"50":4,"51":54,"52":54,"53":54,"54":4,"55":54,"56":5,"57":5,"58":54,"59":3,"60":54,"61":4,"62":4,"63":54,"64":40,"65":40,"66":40,"67":40,"68":40,"69":40,"70":40,"71":40,"72":40,"73":40,"74":40,"75":40,"76":40,"77":40,"78":40,"79":40,"80":40,"81":40,"82":14,"83":2,"84":12,"85":0,"86":12,"87":0,"88":12,"89":0,"90":12,"91":14,"92":14,"93":14,"94":14,"95":14,"96":14,"97":14,"98":14,"99":14,"100":14,"101":14,"102":14,"103":14,"104":14,"105":14,"106":14,"107":14,"108":14,"109":14,"110":1,"111":1},"f":{"0":13,"1":2,"2":9,"3":17,"4":54,"5":54,"6":54,"7":40,"8":14,"9":14},"b":{"0":[3,10],"1":[13,11],"2":[2,11],"3":[2,7],"4":[3,4],"5":[4,1],"6":[2,15],"7":[15,52],"8":[2,15],"9":[5,49],"10":[49,113],"11":[162,162],"12":[0],"13":[0],"14":[5,49],"15":[54,52],"16":[3,51],"17":[4,50],"18":[1,3],"19":[4,50],"20":[5,49],"21":[3,51],"22":[4,50],"23":[36],"24":[36],"25":[2,12],"26":[0,12],"27":[0,12],"28":[0,12],"29":[14],"30":[14],"31":[0,14],"32":[1,0],"33":[1,1]},"_coverageSchema":"1a1c01bbd47fc00a2c39e90264f33305004495a9","hash":"aba1324e8b2b9e17dcc36224b6303782d712388d"}
}
