TN:
SF:calculator.js
FN:90,formatCurrency
FN:105,formatPercentage
FN:116,parseCurrency
FN:132,calculateMonotributo
FN:182,calculateGanancias
FN:199,calculatePersonalDeductions
FN:223,calculateAdditionalDeductions
FN:254,calculateRelacionDependencia
FN:330,determineAutonomosCategory
FN:342,calculateResponsableInscripto
FNF:10
FNH:10
FNDA:13,formatCurrency
FNDA:2,formatPercentage
FNDA:9,parseCurrency
FNDA:17,calculateMonotributo
FNDA:54,calculateGanancias
FNDA:54,calculatePersonalDeductions
FNDA:54,calculateAdditionalDeductions
FNDA:40,calculateRelacionDependencia
FNDA:14,determineAutonomosCategory
FNDA:14,calculateResponsableInscripto
DA:13,1
DA:29,1
DA:45,1
DA:54,1
DA:61,1
DA:75,1
DA:91,13
DA:92,3
DA:96,13
DA:97,13
DA:99,13
DA:106,2
DA:117,9
DA:118,7
DA:120,4
DA:121,4
DA:122,4
DA:133,17
DA:134,17
DA:137,17
DA:138,17
DA:139,67
DA:140,15
DA:141,15
DA:146,17
DA:147,2
DA:150,17
DA:151,17
DA:152,17
DA:155,17
DA:156,17
DA:157,17
DA:159,17
DA:183,54
DA:185,49
DA:186,162
DA:187,49
DA:192,0
DA:193,0
DA:200,54
DA:202,54
DA:203,5
DA:206,54
DA:207,3
DA:210,54
DA:211,4
DA:212,1
DA:214,4
DA:217,54
DA:224,54
DA:227,54
DA:228,4
DA:232,54
DA:233,5
DA:234,5
DA:238,54
DA:239,3
DA:243,54
DA:244,4
DA:245,4
DA:248,54
DA:256,40
DA:257,40
DA:258,40
DA:259,40
DA:262,40
DA:265,40
DA:273,40
DA:276,40
DA:279,40
DA:282,40
DA:283,40
DA:284,40
DA:285,40
DA:286,40
DA:287,40
DA:289,40
DA:290,40
DA:292,40
DA:332,14
DA:333,12
DA:334,12
DA:335,12
DA:336,12
DA:343,14
DA:346,14
DA:347,14
DA:350,14
DA:351,14
DA:354,14
DA:355,14
DA:358,14
DA:361,14
DA:364,14
DA:365,14
DA:372,14
DA:373,14
DA:376,14
DA:377,14
DA:380,14
DA:383,14
DA:385,14
DA:387,14
DA:415,1
DA:416,1
LF:105
LH:103
BRDA:91,0,0,3
BRDA:91,0,1,10
BRDA:91,1,0,13
BRDA:91,1,1,11
BRDA:97,2,0,2
BRDA:97,2,1,11
BRDA:117,3,0,2
BRDA:117,3,1,7
BRDA:118,4,0,3
BRDA:118,4,1,4
BRDA:121,5,0,4
BRDA:121,5,1,1
BRDA:134,6,0,2
BRDA:134,6,1,15
BRDA:139,7,0,15
BRDA:139,7,1,52
BRDA:146,8,0,2
BRDA:146,8,1,15
BRDA:183,9,0,5
BRDA:183,9,1,49
BRDA:186,10,0,49
BRDA:186,10,1,113
BRDA:186,11,0,162
BRDA:186,11,1,162
BRDA:199,12,0,0
BRDA:199,13,0,0
BRDA:202,14,0,5
BRDA:202,14,1,49
BRDA:202,15,0,54
BRDA:202,15,1,52
BRDA:206,16,0,3
BRDA:206,16,1,51
BRDA:210,17,0,4
BRDA:210,17,1,50
BRDA:211,18,0,1
BRDA:211,18,1,3
BRDA:227,19,0,4
BRDA:227,19,1,50
BRDA:232,20,0,5
BRDA:232,20,1,49
BRDA:238,21,0,3
BRDA:238,21,1,51
BRDA:243,22,0,4
BRDA:243,22,1,50
BRDA:254,23,0,36
BRDA:254,24,0,36
BRDA:332,25,0,2
BRDA:332,25,1,12
BRDA:333,26,0,0
BRDA:333,26,1,12
BRDA:334,27,0,0
BRDA:334,27,1,12
BRDA:335,28,0,0
BRDA:335,28,1,12
BRDA:342,29,0,14
BRDA:342,30,0,14
BRDA:350,31,0,0
BRDA:350,31,1,14
BRDA:415,32,0,1
BRDA:415,32,1,0
BRDA:415,33,0,1
BRDA:415,33,1,1
BRF:62
BRH:55
end_of_record
